/Users/hdossa/Desktop/wdi-august-2015/twimiter/Twimiter/Twimiter/app/models/stat_grabber.rb:3:in `run': wrong number of arguments (0 for 1) (ArgumentError)
	from /Users/hdossa/.rbenv/versions/2.2.1/lib/ruby/gems/2.2.0/gems/railties-4.2.4/lib/rails/commands/runner.rb:62:in `<top (required)>'
	from /Users/hdossa/.rbenv/versions/2.2.1/lib/ruby/gems/2.2.0/gems/railties-4.2.4/lib/rails/commands/runner.rb:62:in `eval'
	from /Users/hdossa/.rbenv/versions/2.2.1/lib/ruby/gems/2.2.0/gems/railties-4.2.4/lib/rails/commands/runner.rb:62:in `<top (required)>'
	from /Users/hdossa/.rbenv/versions/2.2.1/lib/ruby/gems/2.2.0/gems/activesupport-4.2.4/lib/active_support/dependencies.rb:274:in `require'
	from /Users/hdossa/.rbenv/versions/2.2.1/lib/ruby/gems/2.2.0/gems/activesupport-4.2.4/lib/active_support/dependencies.rb:274:in `block in require'
	from /Users/hdossa/.rbenv/versions/2.2.1/lib/ruby/gems/2.2.0/gems/activesupport-4.2.4/lib/active_support/dependencies.rb:240:in `load_dependency'
	from /Users/hdossa/.rbenv/versions/2.2.1/lib/ruby/gems/2.2.0/gems/activesupport-4.2.4/lib/active_support/dependencies.rb:274:in `require'
	from /Users/hdossa/.rbenv/versions/2.2.1/lib/ruby/gems/2.2.0/gems/railties-4.2.4/lib/rails/commands/commands_tasks.rb:123:in `require_command!'
	from /Users/hdossa/.rbenv/versions/2.2.1/lib/ruby/gems/2.2.0/gems/railties-4.2.4/lib/rails/commands/commands_tasks.rb:90:in `runner'
	from /Users/hdossa/.rbenv/versions/2.2.1/lib/ruby/gems/2.2.0/gems/railties-4.2.4/lib/rails/commands/commands_tasks.rb:39:in `run_command!'
	from /Users/hdossa/.rbenv/versions/2.2.1/lib/ruby/gems/2.2.0/gems/railties-4.2.4/lib/rails/commands.rb:17:in `<top (required)>'
	from /Users/hdossa/.rbenv/versions/2.2.1/lib/ruby/gems/2.2.0/gems/activesupport-4.2.4/lib/active_support/dependencies.rb:274:in `require'
	from /Users/hdossa/.rbenv/versions/2.2.1/lib/ruby/gems/2.2.0/gems/activesupport-4.2.4/lib/active_support/dependencies.rb:274:in `block in require'
	from /Users/hdossa/.rbenv/versions/2.2.1/lib/ruby/gems/2.2.0/gems/activesupport-4.2.4/lib/active_support/dependencies.rb:240:in `load_dependency'
	from /Users/hdossa/.rbenv/versions/2.2.1/lib/ruby/gems/2.2.0/gems/activesupport-4.2.4/lib/active_support/dependencies.rb:274:in `require'
	from /Users/hdossa/Desktop/wdi-august-2015/twimiter/Twimiter/Twimiter/bin/rails:8:in `<top (required)>'
	from /Users/hdossa/.rbenv/versions/2.2.1/lib/ruby/gems/2.2.0/gems/activesupport-4.2.4/lib/active_support/dependencies.rb:268:in `load'
	from /Users/hdossa/.rbenv/versions/2.2.1/lib/ruby/gems/2.2.0/gems/activesupport-4.2.4/lib/active_support/dependencies.rb:268:in `block in load'
	from /Users/hdossa/.rbenv/versions/2.2.1/lib/ruby/gems/2.2.0/gems/activesupport-4.2.4/lib/active_support/dependencies.rb:240:in `load_dependency'
	from /Users/hdossa/.rbenv/versions/2.2.1/lib/ruby/gems/2.2.0/gems/activesupport-4.2.4/lib/active_support/dependencies.rb:268:in `load'
	from /Users/hdossa/.rbenv/versions/2.2.1/lib/ruby/site_ruby/2.2.0/rubygems/core_ext/kernel_require.rb:54:in `require'
	from /Users/hdossa/.rbenv/versions/2.2.1/lib/ruby/site_ruby/2.2.0/rubygems/core_ext/kernel_require.rb:54:in `require'
	from -e:1:in `<main>'
/Users/hdossa/Desktop/wdi-august-2015/twimiter/Twimiter/Twimiter/app/models/stat_grabber.rb:3:in `run': wrong number of arguments (0 for 1) (ArgumentError)
	from /Users/hdossa/.rbenv/versions/2.2.1/lib/ruby/gems/2.2.0/gems/railties-4.2.4/lib/rails/commands/runner.rb:62:in `<top (required)>'
	from /Users/hdossa/.rbenv/versions/2.2.1/lib/ruby/gems/2.2.0/gems/railties-4.2.4/lib/rails/commands/runner.rb:62:in `eval'
	from /Users/hdossa/.rbenv/versions/2.2.1/lib/ruby/gems/2.2.0/gems/railties-4.2.4/lib/rails/commands/runner.rb:62:in `<top (required)>'
	from /Users/hdossa/.rbenv/versions/2.2.1/lib/ruby/gems/2.2.0/gems/activesupport-4.2.4/lib/active_support/dependencies.rb:274:in `require'
	from /Users/hdossa/.rbenv/versions/2.2.1/lib/ruby/gems/2.2.0/gems/activesupport-4.2.4/lib/active_support/dependencies.rb:274:in `block in require'
	from /Users/hdossa/.rbenv/versions/2.2.1/lib/ruby/gems/2.2.0/gems/activesupport-4.2.4/lib/active_support/dependencies.rb:240:in `load_dependency'
	from /Users/hdossa/.rbenv/versions/2.2.1/lib/ruby/gems/2.2.0/gems/activesupport-4.2.4/lib/active_support/dependencies.rb:274:in `require'
	from /Users/hdossa/.rbenv/versions/2.2.1/lib/ruby/gems/2.2.0/gems/railties-4.2.4/lib/rails/commands/commands_tasks.rb:123:in `require_command!'
	from /Users/hdossa/.rbenv/versions/2.2.1/lib/ruby/gems/2.2.0/gems/railties-4.2.4/lib/rails/commands/commands_tasks.rb:90:in `runner'
	from /Users/hdossa/.rbenv/versions/2.2.1/lib/ruby/gems/2.2.0/gems/railties-4.2.4/lib/rails/commands/commands_tasks.rb:39:in `run_command!'
	from /Users/hdossa/.rbenv/versions/2.2.1/lib/ruby/gems/2.2.0/gems/railties-4.2.4/lib/rails/commands.rb:17:in `<top (required)>'
	from /Users/hdossa/.rbenv/versions/2.2.1/lib/ruby/gems/2.2.0/gems/activesupport-4.2.4/lib/active_support/dependencies.rb:274:in `require'
	from /Users/hdossa/.rbenv/versions/2.2.1/lib/ruby/gems/2.2.0/gems/activesupport-4.2.4/lib/active_support/dependencies.rb:274:in `block in require'
	from /Users/hdossa/.rbenv/versions/2.2.1/lib/ruby/gems/2.2.0/gems/activesupport-4.2.4/lib/active_support/dependencies.rb:240:in `load_dependency'
	from /Users/hdossa/.rbenv/versions/2.2.1/lib/ruby/gems/2.2.0/gems/activesupport-4.2.4/lib/active_support/dependencies.rb:274:in `require'
	from /Users/hdossa/Desktop/wdi-august-2015/twimiter/Twimiter/Twimiter/bin/rails:8:in `<top (required)>'
	from /Users/hdossa/.rbenv/versions/2.2.1/lib/ruby/gems/2.2.0/gems/activesupport-4.2.4/lib/active_support/dependencies.rb:268:in `load'
	from /Users/hdossa/.rbenv/versions/2.2.1/lib/ruby/gems/2.2.0/gems/activesupport-4.2.4/lib/active_support/dependencies.rb:268:in `block in load'
	from /Users/hdossa/.rbenv/versions/2.2.1/lib/ruby/gems/2.2.0/gems/activesupport-4.2.4/lib/active_support/dependencies.rb:240:in `load_dependency'
	from /Users/hdossa/.rbenv/versions/2.2.1/lib/ruby/gems/2.2.0/gems/activesupport-4.2.4/lib/active_support/dependencies.rb:268:in `load'
	from /Users/hdossa/.rbenv/versions/2.2.1/lib/ruby/site_ruby/2.2.0/rubygems/core_ext/kernel_require.rb:54:in `require'
	from /Users/hdossa/.rbenv/versions/2.2.1/lib/ruby/site_ruby/2.2.0/rubygems/core_ext/kernel_require.rb:54:in `require'
	from -e:1:in `<main>'
/Users/hdossa/Desktop/wdi-august-2015/twimiter/Twimiter/Twimiter/app/models/stat_grabber.rb:3:in `run': wrong number of arguments (0 for 1) (ArgumentError)
	from /Users/hdossa/.rbenv/versions/2.2.1/lib/ruby/gems/2.2.0/gems/railties-4.2.4/lib/rails/commands/runner.rb:62:in `<top (required)>'
	from /Users/hdossa/.rbenv/versions/2.2.1/lib/ruby/gems/2.2.0/gems/railties-4.2.4/lib/rails/commands/runner.rb:62:in `eval'
	from /Users/hdossa/.rbenv/versions/2.2.1/lib/ruby/gems/2.2.0/gems/railties-4.2.4/lib/rails/commands/runner.rb:62:in `<top (required)>'
	from /Users/hdossa/.rbenv/versions/2.2.1/lib/ruby/gems/2.2.0/gems/activesupport-4.2.4/lib/active_support/dependencies.rb:274:in `require'
	from /Users/hdossa/.rbenv/versions/2.2.1/lib/ruby/gems/2.2.0/gems/activesupport-4.2.4/lib/active_support/dependencies.rb:274:in `block in require'
	from /Users/hdossa/.rbenv/versions/2.2.1/lib/ruby/gems/2.2.0/gems/activesupport-4.2.4/lib/active_support/dependencies.rb:240:in `load_dependency'
	from /Users/hdossa/.rbenv/versions/2.2.1/lib/ruby/gems/2.2.0/gems/activesupport-4.2.4/lib/active_support/dependencies.rb:274:in `require'
	from /Users/hdossa/.rbenv/versions/2.2.1/lib/ruby/gems/2.2.0/gems/railties-4.2.4/lib/rails/commands/commands_tasks.rb:123:in `require_command!'
	from /Users/hdossa/.rbenv/versions/2.2.1/lib/ruby/gems/2.2.0/gems/railties-4.2.4/lib/rails/commands/commands_tasks.rb:90:in `runner'
	from /Users/hdossa/.rbenv/versions/2.2.1/lib/ruby/gems/2.2.0/gems/railties-4.2.4/lib/rails/commands/commands_tasks.rb:39:in `run_command!'
	from /Users/hdossa/.rbenv/versions/2.2.1/lib/ruby/gems/2.2.0/gems/railties-4.2.4/lib/rails/commands.rb:17:in `<top (required)>'
	from /Users/hdossa/.rbenv/versions/2.2.1/lib/ruby/gems/2.2.0/gems/activesupport-4.2.4/lib/active_support/dependencies.rb:274:in `require'
	from /Users/hdossa/.rbenv/versions/2.2.1/lib/ruby/gems/2.2.0/gems/activesupport-4.2.4/lib/active_support/dependencies.rb:274:in `block in require'
	from /Users/hdossa/.rbenv/versions/2.2.1/lib/ruby/gems/2.2.0/gems/activesupport-4.2.4/lib/active_support/dependencies.rb:240:in `load_dependency'
	from /Users/hdossa/.rbenv/versions/2.2.1/lib/ruby/gems/2.2.0/gems/activesupport-4.2.4/lib/active_support/dependencies.rb:274:in `require'
	from /Users/hdossa/Desktop/wdi-august-2015/twimiter/Twimiter/Twimiter/bin/rails:8:in `<top (required)>'
	from /Users/hdossa/.rbenv/versions/2.2.1/lib/ruby/gems/2.2.0/gems/activesupport-4.2.4/lib/active_support/dependencies.rb:268:in `load'
	from /Users/hdossa/.rbenv/versions/2.2.1/lib/ruby/gems/2.2.0/gems/activesupport-4.2.4/lib/active_support/dependencies.rb:268:in `block in load'
	from /Users/hdossa/.rbenv/versions/2.2.1/lib/ruby/gems/2.2.0/gems/activesupport-4.2.4/lib/active_support/dependencies.rb:240:in `load_dependency'
	from /Users/hdossa/.rbenv/versions/2.2.1/lib/ruby/gems/2.2.0/gems/activesupport-4.2.4/lib/active_support/dependencies.rb:268:in `load'
	from /Users/hdossa/.rbenv/versions/2.2.1/lib/ruby/site_ruby/2.2.0/rubygems/core_ext/kernel_require.rb:54:in `require'
	from /Users/hdossa/.rbenv/versions/2.2.1/lib/ruby/site_ruby/2.2.0/rubygems/core_ext/kernel_require.rb:54:in `require'
	from -e:1:in `<main>'
/Users/hdossa/Desktop/wdi-august-2015/twimiter/Twimiter/Twimiter/app/models/stat_grabber.rb:3:in `run': wrong number of arguments (0 for 1) (ArgumentError)
	from /Users/hdossa/.rbenv/versions/2.2.1/lib/ruby/gems/2.2.0/gems/railties-4.2.4/lib/rails/commands/runner.rb:62:in `<top (required)>'
	from /Users/hdossa/.rbenv/versions/2.2.1/lib/ruby/gems/2.2.0/gems/railties-4.2.4/lib/rails/commands/runner.rb:62:in `eval'
	from /Users/hdossa/.rbenv/versions/2.2.1/lib/ruby/gems/2.2.0/gems/railties-4.2.4/lib/rails/commands/runner.rb:62:in `<top (required)>'
	from /Users/hdossa/.rbenv/versions/2.2.1/lib/ruby/gems/2.2.0/gems/activesupport-4.2.4/lib/active_support/dependencies.rb:274:in `require'
	from /Users/hdossa/.rbenv/versions/2.2.1/lib/ruby/gems/2.2.0/gems/activesupport-4.2.4/lib/active_support/dependencies.rb:274:in `block in require'
	from /Users/hdossa/.rbenv/versions/2.2.1/lib/ruby/gems/2.2.0/gems/activesupport-4.2.4/lib/active_support/dependencies.rb:240:in `load_dependency'
	from /Users/hdossa/.rbenv/versions/2.2.1/lib/ruby/gems/2.2.0/gems/activesupport-4.2.4/lib/active_support/dependencies.rb:274:in `require'
	from /Users/hdossa/.rbenv/versions/2.2.1/lib/ruby/gems/2.2.0/gems/railties-4.2.4/lib/rails/commands/commands_tasks.rb:123:in `require_command!'
	from /Users/hdossa/.rbenv/versions/2.2.1/lib/ruby/gems/2.2.0/gems/railties-4.2.4/lib/rails/commands/commands_tasks.rb:90:in `runner'
	from /Users/hdossa/.rbenv/versions/2.2.1/lib/ruby/gems/2.2.0/gems/railties-4.2.4/lib/rails/commands/commands_tasks.rb:39:in `run_command!'
	from /Users/hdossa/.rbenv/versions/2.2.1/lib/ruby/gems/2.2.0/gems/railties-4.2.4/lib/rails/commands.rb:17:in `<top (required)>'
	from /Users/hdossa/.rbenv/versions/2.2.1/lib/ruby/gems/2.2.0/gems/activesupport-4.2.4/lib/active_support/dependencies.rb:274:in `require'
	from /Users/hdossa/.rbenv/versions/2.2.1/lib/ruby/gems/2.2.0/gems/activesupport-4.2.4/lib/active_support/dependencies.rb:274:in `block in require'
	from /Users/hdossa/.rbenv/versions/2.2.1/lib/ruby/gems/2.2.0/gems/activesupport-4.2.4/lib/active_support/dependencies.rb:240:in `load_dependency'
	from /Users/hdossa/.rbenv/versions/2.2.1/lib/ruby/gems/2.2.0/gems/activesupport-4.2.4/lib/active_support/dependencies.rb:274:in `require'
	from /Users/hdossa/Desktop/wdi-august-2015/twimiter/Twimiter/Twimiter/bin/rails:8:in `<top (required)>'
	from /Users/hdossa/.rbenv/versions/2.2.1/lib/ruby/gems/2.2.0/gems/activesupport-4.2.4/lib/active_support/dependencies.rb:268:in `load'
	from /Users/hdossa/.rbenv/versions/2.2.1/lib/ruby/gems/2.2.0/gems/activesupport-4.2.4/lib/active_support/dependencies.rb:268:in `block in load'
	from /Users/hdossa/.rbenv/versions/2.2.1/lib/ruby/gems/2.2.0/gems/activesupport-4.2.4/lib/active_support/dependencies.rb:240:in `load_dependency'
	from /Users/hdossa/.rbenv/versions/2.2.1/lib/ruby/gems/2.2.0/gems/activesupport-4.2.4/lib/active_support/dependencies.rb:268:in `load'
	from /Users/hdossa/.rbenv/versions/2.2.1/lib/ruby/site_ruby/2.2.0/rubygems/core_ext/kernel_require.rb:54:in `require'
	from /Users/hdossa/.rbenv/versions/2.2.1/lib/ruby/site_ruby/2.2.0/rubygems/core_ext/kernel_require.rb:54:in `require'
	from -e:1:in `<main>'
/Users/hdossa/Desktop/wdi-august-2015/twimiter/Twimiter/Twimiter/app/models/stat_grabber.rb:3:in `run': wrong number of arguments (0 for 1) (ArgumentError)
	from /Users/hdossa/.rbenv/versions/2.2.1/lib/ruby/gems/2.2.0/gems/railties-4.2.4/lib/rails/commands/runner.rb:62:in `<top (required)>'
	from /Users/hdossa/.rbenv/versions/2.2.1/lib/ruby/gems/2.2.0/gems/railties-4.2.4/lib/rails/commands/runner.rb:62:in `eval'
	from /Users/hdossa/.rbenv/versions/2.2.1/lib/ruby/gems/2.2.0/gems/railties-4.2.4/lib/rails/commands/runner.rb:62:in `<top (required)>'
	from /Users/hdossa/.rbenv/versions/2.2.1/lib/ruby/gems/2.2.0/gems/activesupport-4.2.4/lib/active_support/dependencies.rb:274:in `require'
	from /Users/hdossa/.rbenv/versions/2.2.1/lib/ruby/gems/2.2.0/gems/activesupport-4.2.4/lib/active_support/dependencies.rb:274:in `block in require'
	from /Users/hdossa/.rbenv/versions/2.2.1/lib/ruby/gems/2.2.0/gems/activesupport-4.2.4/lib/active_support/dependencies.rb:240:in `load_dependency'
	from /Users/hdossa/.rbenv/versions/2.2.1/lib/ruby/gems/2.2.0/gems/activesupport-4.2.4/lib/active_support/dependencies.rb:274:in `require'
	from /Users/hdossa/.rbenv/versions/2.2.1/lib/ruby/gems/2.2.0/gems/railties-4.2.4/lib/rails/commands/commands_tasks.rb:123:in `require_command!'
	from /Users/hdossa/.rbenv/versions/2.2.1/lib/ruby/gems/2.2.0/gems/railties-4.2.4/lib/rails/commands/commands_tasks.rb:90:in `runner'
	from /Users/hdossa/.rbenv/versions/2.2.1/lib/ruby/gems/2.2.0/gems/railties-4.2.4/lib/rails/commands/commands_tasks.rb:39:in `run_command!'
	from /Users/hdossa/.rbenv/versions/2.2.1/lib/ruby/gems/2.2.0/gems/railties-4.2.4/lib/rails/commands.rb:17:in `<top (required)>'
	from /Users/hdossa/.rbenv/versions/2.2.1/lib/ruby/gems/2.2.0/gems/activesupport-4.2.4/lib/active_support/dependencies.rb:274:in `require'
	from /Users/hdossa/.rbenv/versions/2.2.1/lib/ruby/gems/2.2.0/gems/activesupport-4.2.4/lib/active_support/dependencies.rb:274:in `block in require'
	from /Users/hdossa/.rbenv/versions/2.2.1/lib/ruby/gems/2.2.0/gems/activesupport-4.2.4/lib/active_support/dependencies.rb:240:in `load_dependency'
	from /Users/hdossa/.rbenv/versions/2.2.1/lib/ruby/gems/2.2.0/gems/activesupport-4.2.4/lib/active_support/dependencies.rb:274:in `require'
	from /Users/hdossa/Desktop/wdi-august-2015/twimiter/Twimiter/Twimiter/bin/rails:8:in `<top (required)>'
	from /Users/hdossa/.rbenv/versions/2.2.1/lib/ruby/gems/2.2.0/gems/activesupport-4.2.4/lib/active_support/dependencies.rb:268:in `load'
	from /Users/hdossa/.rbenv/versions/2.2.1/lib/ruby/gems/2.2.0/gems/activesupport-4.2.4/lib/active_support/dependencies.rb:268:in `block in load'
	from /Users/hdossa/.rbenv/versions/2.2.1/lib/ruby/gems/2.2.0/gems/activesupport-4.2.4/lib/active_support/dependencies.rb:240:in `load_dependency'
	from /Users/hdossa/.rbenv/versions/2.2.1/lib/ruby/gems/2.2.0/gems/activesupport-4.2.4/lib/active_support/dependencies.rb:268:in `load'
	from /Users/hdossa/.rbenv/versions/2.2.1/lib/ruby/site_ruby/2.2.0/rubygems/core_ext/kernel_require.rb:54:in `require'
	from /Users/hdossa/.rbenv/versions/2.2.1/lib/ruby/site_ruby/2.2.0/rubygems/core_ext/kernel_require.rb:54:in `require'
	from -e:1:in `<main>'
